2025-06-26 14:48:09,707 - nlp_processor - INFO - Kiwipiepy NLP engine initialized successfully
2025-06-26 14:48:09,707 - config - INFO - Enhanced searcher initialized successfully
2025-06-26 14:48:09,707 - config - INFO - Starting Enhanced Naver Cafe Search System on 127.0.0.1:5000
2025-06-26 14:49:01,488 - nlp_processor - INFO - Kiwipiepy NLP engine initialized successfully
2025-06-26 14:49:01,490 - config - INFO - Enhanced searcher initialized successfully
2025-06-26 14:49:01,490 - config - INFO - Starting Enhanced Naver Cafe Search System on 127.0.0.1:5000
2025-06-26 14:52:22,810 - nlp_processor - INFO - Kiwipiepy NLP engine initialized successfully
2025-06-26 14:52:22,810 - config - INFO - Enhanced searcher initialized successfully
2025-06-26 14:52:22,810 - config - INFO - Starting Enhanced Naver Cafe Search System on 127.0.0.1:5000
2025-06-26 14:52:22,810 - hypercorn.error - INFO - Running on http://127.0.0.1:5000 (CTRL + C to quit)
2025-06-26 14:57:21,257 - nlp_processor - INFO - Kiwipiepy NLP engine initialized successfully
2025-06-26 14:57:21,257 - config - INFO - Enhanced searcher initialized successfully
2025-06-26 14:57:21,257 - config - INFO - Starting Enhanced Naver Cafe Search System on 127.0.0.1:5000
2025-06-26 14:57:21,265 - hypercorn.error - INFO - Running on http://127.0.0.1:5000 (CTRL + C to quit)
2025-06-26 14:57:46,085 - config - INFO - Starting search with keywords: ['봉제공장', '패션의류', '의류도매', '무지티도매']
2025-06-26 14:57:47,914 - query_generator - INFO - Extracted nouns: ['봉제', '공장']
2025-06-26 14:57:47,914 - query_generator - INFO - Extracted phrases: ['봉제 공장']
2025-06-26 14:57:47,914 - query_generator - INFO - Generated 8 queries for: 봉제공장
2025-06-26 14:57:47,923 - query_generator - INFO - Extracted nouns: ['패션', '의류']
2025-06-26 14:57:47,923 - query_generator - INFO - Extracted phrases: ['패션 의류']
2025-06-26 14:57:47,924 - query_generator - INFO - Generated 8 queries for: 패션의류
2025-06-26 14:57:47,924 - query_generator - INFO - Extracted nouns: ['의류', '도매']
2025-06-26 14:57:47,924 - query_generator - INFO - Extracted phrases: ['의류 도매']
2025-06-26 14:57:47,924 - query_generator - INFO - Generated 8 queries for: 의류도매
2025-06-26 14:57:47,924 - query_generator - INFO - Extracted nouns: ['무지티도매']
2025-06-26 14:57:47,924 - query_generator - INFO - Extracted phrases: []
2025-06-26 14:57:47,924 - query_generator - INFO - Generated 6 queries for: 무지티도매
2025-06-26 14:57:47,924 - cafe_searcher - INFO - Generated 30 unique queries from 4 keywords
2025-06-26 14:58:29,527 - cafe_searcher - INFO - Search completed: {'total_queries_generated': 30, 'total_results_fetched': 11289, 'unique_cafes_found': 1065, 'cafes_after_filtering': 406, 'search_duration_seconds': 43.440051794052124, 'keywords_used': ['봉제공장', '패션의류', '의류도매', '무지티도매']}
2025-06-26 15:05:33,749 - nlp_processor - INFO - Kiwipiepy NLP engine initialized successfully
2025-06-26 15:05:33,750 - config - INFO - Enhanced searcher initialized successfully
2025-06-26 15:05:33,752 - config - INFO - Starting Enhanced Naver Cafe Search System on 127.0.0.1:5000
2025-06-26 15:06:40,555 - nlp_processor - INFO - Kiwipiepy NLP engine initialized successfully
2025-06-26 15:06:40,555 - config - INFO - Enhanced searcher initialized successfully
2025-06-26 15:06:40,557 - config - INFO - Starting Enhanced Naver Cafe Search System on 127.0.0.1:5000
2025-06-26 15:06:40,564 - hypercorn.error - INFO - Running on http://127.0.0.1:5000 (CTRL + C to quit)
2025-06-26 15:07:15,256 - config - INFO - Starting search d33781b7-c982-4225-9780-db3ce7372d2a with keywords: ['봉제공장', '의류도매', '패션의류', '무지티도매']
2025-06-26 15:07:16,949 - query_generator - INFO - Extracted nouns: ['봉제', '공장']
2025-06-26 15:07:16,949 - query_generator - INFO - Extracted phrases: ['봉제 공장']
2025-06-26 15:07:16,951 - query_generator - INFO - Generated 8 queries for: 봉제공장
2025-06-26 15:07:16,953 - query_generator - INFO - Extracted nouns: ['의류', '도매']
2025-06-26 15:07:16,956 - query_generator - INFO - Extracted phrases: ['의류 도매']
2025-06-26 15:07:16,958 - query_generator - INFO - Generated 8 queries for: 의류도매
2025-06-26 15:07:16,959 - query_generator - INFO - Extracted nouns: ['패션', '의류']
2025-06-26 15:07:16,959 - query_generator - INFO - Extracted phrases: ['패션 의류']
2025-06-26 15:07:16,959 - query_generator - INFO - Generated 8 queries for: 패션의류
2025-06-26 15:07:16,960 - query_generator - INFO - Extracted nouns: ['무지티도매']
2025-06-26 15:07:16,960 - query_generator - INFO - Extracted phrases: []
2025-06-26 15:07:16,961 - query_generator - INFO - Generated 6 queries for: 무지티도매
2025-06-26 15:07:16,962 - cafe_searcher - INFO - Generated 30 unique queries from 4 keywords
2025-06-26 15:07:58,777 - cafe_searcher - INFO - Search completed: {'total_queries_generated': 30, 'total_results_fetched': 11289, 'unique_cafes_found': 1065, 'cafes_after_filtering': 406, 'search_duration_seconds': 43.51547598838806, 'keywords_used': ['봉제공장', '의류도매', '패션의류', '무지티도매']}
